[35m[Appium][39m Welcome to Appium v1.22.3
[35m[Appium][39m Non-default server args:
[35m[Appium][39m   port: 60230
[35m[Appium][39m   loglevel: info
[35m[Appium][39m   tmpDir: C:\Users\mtauf\AppData\Local\Temp\\Katalon\Appium\Temp1666116481814
[35m[Appium][39m   chromedriverPort: 60231
[35m[Appium][39m Deprecated server args:
[35m[Appium][39m   [31m--chromedriver-port[39m => --default-capabilities
[35m[Appium][39m Default capabilities, which will be added to each request unless overridden by desired capabilities:
[35m[Appium][39m   chromedriverPort: 60231
[35m[Appium][39m Appium REST http interface listener started on 0.0.0.0:60230
[35m[HTTP][39m [37m-->[39m [37mGET[39m [37m/wd/hub/status[39m
[35m[HTTP][39m [90m{}[39m
[35m[HTTP][39m [37m<-- GET /wd/hub/status [39m[32m200[39m [90m6 ms - 68[39m
[35m[HTTP][39m [90m[39m
[35m[HTTP][39m [37m-->[39m [37mGET[39m [37m/wd/hub/status[39m
[35m[HTTP][39m [90m{}[39m
[35m[HTTP][39m [37m<-- GET /wd/hub/status [39m[32m200[39m [90m1 ms - 68[39m
[35m[HTTP][39m [90m[39m
[35m[HTTP][39m [37m-->[39m [37mPOST[39m [37m/wd/hub/session[39m
[35m[HTTP][39m [90m{"desiredCapabilities":{"app":"C:\\Users\\mtauf\\Katalon Studio\\EduApp\\mobileapp\\app-pendaki.apk","noReset":true,"deviceName":"emulator-5554 (sdk_gphone_x86 - Android 11)","fullReset":false,"platform":"ANDROID","newCommandTimeout":1800,"platformVersion":"11","automationName":"uiautomator2","autoGrantPermissions":true,"platformName":"Android","udid":"emulator-5554","systemPort":60237},"capabilities":{"firstMatch":[{"appium:app":"C:\\Users\\mtauf\\Katalon Studio\\EduApp\\mobileapp\\app-pendaki.apk","appium:autoGrantPermissions":true,"appium:automationName":"uiautomator2","appium:deviceName":"emulator-5554 (sdk_gphone_x86 - Android 11)","appium:fullReset":false,"appium:newCommandTimeout":1800,"appium:noReset":true,"platform":"ANDROID","platformName":"android","appium:platformVersion":"11","appium:systemPort":60237,"appium:udid":"emulator-5554"}]}}[39m
[35m[BaseDriver][39m The following capabilities are not standard capabilities and should have an extension prefix:
[35m[BaseDriver][39m   platform
[35m[BaseDriver][39m   chromedriverPort
[35m[Appium][39m Appium v1.22.3 creating new AndroidUiautomator2Driver (v1.70.1) session
[35m[BaseDriver][39m The following capabilities were provided, but are not recognized by Appium:
[35m[BaseDriver][39m   platform
[35m[BaseDriver][39m Session created with session id: 3fee0bb5-1419-442f-a7f3-40c52d3f3c2a
[35m[BaseDriver][39m Using local app 'C:\Users\mtauf\Katalon Studio\EduApp\mobileapp\app-pendaki.apk'
[35m[ADB][39m Found 1 'build-tools' folders under 'C:\Users\mtauf\.katalon\tools\android_sdk' (newest first):
[35m[ADB][39m     C:/Users/mtauf/.katalon/tools/android_sdk/build-tools/29.0.3
[35m[ADB][39m Using 'adb.exe' from 'C:\Users\mtauf\.katalon\tools\android_sdk\platform-tools\adb.exe'
[35m[AndroidDriver][39m Retrieving device list
[35m[AndroidDriver][39m Using device: emulator-5554
[35m[ADB][39m Using 'adb.exe' from 'C:\Users\mtauf\.katalon\tools\android_sdk\platform-tools\adb.exe'
[35m[ADB][39m Getting device platform version
[35m[UiAutomator2][39m Relaxing hidden api policy
[35m[ADB][39m Package name: 'com.wahidari.pendaki'
[35m[ADB][39m Main activity name: 'com.wahidari.pendaki.MainActivity'
[35m[ADB][39m Using 'apksigner.jar' from 'C:\Users\mtauf\.katalon\tools\android_sdk\build-tools\29.0.3\lib\apksigner.jar'
[35m[ADB][39m 'C:\Users\mtauf\AppData\Roaming\npm\node_modules\appium\node_modules\appium-uiautomator2-server\apks\appium-uiautomator2-server-v4.27.0.apk' is signed with the default certificate
[35m[ADB][39m 'C:\Users\mtauf\AppData\Roaming\npm\node_modules\appium\node_modules\appium-uiautomator2-server\apks\appium-uiautomator2-server-debug-androidTest.apk' is signed with the default certificate
[35m[UiAutomator2][39m Server packages are not going to be (re)installed
[35m[ADB][39m Adding packages ["io.appium.settings","io.appium.uiautomator2.server","io.appium.uiautomator2.server.test"] to Doze whitelist
[35m[ADB][39m 'C:\Users\mtauf\Katalon Studio\EduApp\mobileapp\app-pendaki.apk' is signed with a non-default certificate
[35m[ADB][39m The application at 'C:\Users\mtauf\Katalon Studio\EduApp\mobileapp\app-pendaki.apk' will not be cached, because the device under test has confirmed the support of streamed installs
[35m[ADB][39m The installation of 'app-pendaki.apk' took 672ms
[35m[UiAutomator2][39m Starting UIAutomator2 server 4.27.0
[35m[UiAutomator2][39m Using UIAutomator2 server from 'C:\Users\mtauf\AppData\Roaming\npm\node_modules\appium\node_modules\appium-uiautomator2-server\apks\appium-uiautomator2-server-v4.27.0.apk' and test from 'C:\Users\mtauf\AppData\Roaming\npm\node_modules\appium\node_modules\appium-uiautomator2-server\apks\appium-uiautomator2-server-debug-androidTest.apk'
[35m[UiAutomator2][39m Waiting up to 30000ms for UiAutomator2 to be online...
[35m[WD Proxy][39m socket hang up
[35m[WD Proxy][39m socket hang up
[35m[WD Proxy][39m socket hang up
[35m[WD Proxy][39m Determined the downstream protocol as 'W3C'
[35m[AndroidDriver][39m Screen already unlocked, doing nothing
[35m[UiAutomator2][39m Starting 'com.wahidari.pendaki/com.wahidari.pendaki.MainActivity and waiting for 'com.wahidari.pendaki/com.wahidari.pendaki.MainActivity'
[35m[Appium][39m New AndroidUiautomator2Driver session created successfully, session 3fee0bb5-1419-442f-a7f3-40c52d3f3c2a added to master session list
[35m[HTTP][39m [37m<-- POST /wd/hub/session [39m[32m200[39m [90m15400 ms - 1319[39m
[35m[HTTP][39m [90m[39m
[35m[HTTP][39m [37m-->[39m [37mGET[39m [37m/wd/hub/session/3fee0bb5-1419-442f-a7f3-40c52d3f3c2a[39m
[35m[HTTP][39m [90m{}[39m
[35m[HTTP][39m [37m<-- GET /wd/hub/session/3fee0bb5-1419-442f-a7f3-40c52d3f3c2a [39m[32m200[39m [90m16 ms - 1273[39m
[35m[HTTP][39m [90m[39m
[35m[HTTP][39m [37m-->[39m [37mGET[39m [37m/wd/hub/session/3fee0bb5-1419-442f-a7f3-40c52d3f3c2a[39m
[35m[HTTP][39m [90m{}[39m
[35m[HTTP][39m [37m<-- GET /wd/hub/session/3fee0bb5-1419-442f-a7f3-40c52d3f3c2a [39m[32m200[39m [90m16 ms - 1273[39m
[35m[HTTP][39m [90m[39m
[35m[HTTP][39m [37m-->[39m [37mGET[39m [37m/wd/hub/status[39m
[35m[HTTP][39m [90m{}[39m
[35m[HTTP][39m [37m<-- GET /wd/hub/status [39m[32m200[39m [90m2 ms - 68[39m
[35m[HTTP][39m [90m[39m
[35m[HTTP][39m [37m-->[39m [37mPOST[39m [37m/wd/hub/session/3fee0bb5-1419-442f-a7f3-40c52d3f3c2a/timeouts[39m
[35m[HTTP][39m [90m{"implicit":60000}[39m
[35m[HTTP][39m [37m<-- POST /wd/hub/session/3fee0bb5-1419-442f-a7f3-40c52d3f3c2a/timeouts [39m[32m200[39m [90m5 ms - 14[39m
[35m[HTTP][39m [90m[39m
[35m[HTTP][39m [37m-->[39m [37mGET[39m [37m/wd/hub/session/3fee0bb5-1419-442f-a7f3-40c52d3f3c2a/source[39m
[35m[HTTP][39m [90m{}[39m
[35m[W3C (3fee0bb5)][39m Driver proxy active, passing request on via HTTP proxy
[35m[WD Proxy][39m Replacing sessionId 77885374-45ca-4e82-af20-0084f9c94fd1 with 3fee0bb5-1419-442f-a7f3-40c52d3f3c2a
[35m[HTTP][39m [37m<-- GET /wd/hub/session/3fee0bb5-1419-442f-a7f3-40c52d3f3c2a/source [39m[32m200[39m [90m477 ms - 31716[39m
[35m[HTTP][39m [90m[39m
[35m[HTTP][39m [37m-->[39m [37mGET[39m [37m/wd/hub/session/3fee0bb5-1419-442f-a7f3-40c52d3f3c2a/screenshot[39m
[35m[HTTP][39m [90m{}[39m
[35m[HTTP][39m [37m<-- GET /wd/hub/session/3fee0bb5-1419-442f-a7f3-40c52d3f3c2a/screenshot [39m[32m200[39m [90m1236 ms - 3109500[39m
[35m[HTTP][39m [90m[39m
[35m[HTTP][39m [37m-->[39m [37mPOST[39m [37m/wd/hub/session/3fee0bb5-1419-442f-a7f3-40c52d3f3c2a/elements[39m
[35m[HTTP][39m [90m{"usin[35m[BaseDriver][39m Shutting down because we waited 1800 seconds for a command
[35m[Appium][39m Closing session, cause was 'New Command Timeout of 1800 seconds expired. Try customizing the timeout using the 'newCommandTimeout' desired capability'
[35m[Appium][39m Removing session 'a115d304-b109-4989-aad3-473ccd77efef' from our master session list
[35m[UiAutomator2][39m Did not get confirmation UiAutomator2 deleteSession worked; Error was: UnknownError: An unknown server-side error occurred while processing the command. Original error: 'DELETE /' cannot be proxied to UiAutomator2 server because the instrumentation process is not running (probably crashed). Check the server log and/or the logcat output for more details
[35m[UiAutomator2][39m Restoring hidden api policy to the device default configuration
[35m[HTTP][39m [37m-->[39m [37mDELETE[39m [37m/wd/hub/session/a115d304-b109-4989-aad3-473ccd77efef[39m
[35m[HTTP][39m [90m{}[39m
[35m[HTTP][39m [37m<-- DELETE /wd/hub/session/a115d304-b109-4989-aad3-473ccd77efef [39m[33m404[39m [90m148 ms - 2396[39m
[35m[HTTP][39m [90m[39m
 [37m/wd/hub/session/3fee0bb5-1419-442f-a7f3-40c52d3f3c2a/element/00000000-0000-00bf-ffff-ffff00000009/location[39m
[35m[HTTP][39m [90m{}[39m
[35m[W3C (3fee0bb5)][39m Driver proxy active, passing request on via HTTP proxy
[35m[WD Proxy][39m Replacing sessionId 77885374-45ca-4e82-af20-0084f9c94fd1 with 3fee0bb5-1419-442f-a7f3-40c52d3f3c2a
[35m[HTTP][39m [37m<-- GET /wd/hub/session/3fee0bb5-1419-442f-a7f3-40c52d3f3c2a/element/00000000-0000-00bf-ffff-ffff00000009/location [39m[32m200[39m [90m20 ms - 75[39m
[35m[HTTP][39m [90m[39m
[35m[HTTP][39m [37m-->[39m [37mPOST[39m [37m/wd/hub/session/3fee0bb5-1419-442f-a7f3-40c52d3f3c2a/touch/perform[39m
[35m[HTTP][39m [90m{"actions":[{"action":"longPress","options":{"element":"00000000-0000-00bf-ffff-ffff00000009"}},{"action":"release","options":{}}]}[39m
[35m[UiAutomator2][39m calling get location: 00000000-0000-00bf-ffff-ffff00000009
[35m[HTTP][39m [37m<-- POST /wd/hub/session/3fee0bb5-1419-442f-a7f3-40c52d3f3c2a/touch/perform [39m[32m200[39m [90m2594 ms - 14[39m
[35m[HTTP][39m [90m[39m
[35m[HTTP][39m [37m-->[39m [37mGET[39m [37m/wd/hub/session/3fee0bb5-1419-442f-a7f3-40c52d3f3c2a/source[39m
[35m[HTTP][39m [90m{}[39m
[35m[W3C (3fee0bb5)][39m Driver proxy active, passing request on via HTTP proxy
[35m[WD Proxy][39m Replacing sessionId 77885374-45ca-4e82-af20-0084f9c94fd1 with 3fee0bb5-1419-442f-a7f3-40c52d3f3c2a
[35m[HTTP][39m [37m<-- GET /wd/hub/session/3fee0bb5-1419-442f-a7f3-40c52d3f3c2a/source [39m[32m200[39m [90m88 ms - 31716[39m
[35m[HTTP][39m [90m[39m
[35m[HTTP][39m [37m-->[39m [37mGET[39m [37m/wd/hub/session/3fee0bb5-1419-442f-a7f3-40c52d3f3c2a/screenshot[39m
[35m[HTTP][39m [90m{}[39m
[35m[HTTP][39m [37m<-- GET /wd/hub/session/3fee0bb5-1419-442f-a7f3-40c52d3f3c2a/screenshot [39m[32m200[39m [90m1124 ms - 3109500[39m
[35m[HTTP][39m [90m[39m
[35m[HTTP][39m [37m-->[39m [37mPOST[39m [37m/wd/hub/session/3fee0bb5-1419-442f-a7f3-40c52d3f3c2a/elements[39m
[35m[HTTP][39m [90m{"using":"xpath","value":"//*[@class = 'android.widget.TextView' and (@text = 'Pendaki' or . = 'Pendaki')]"}[39m
[35m[HTTP][39m [37m<-- POST /wd/hub/session/3fee0bb5-1419-442f-a7f3-40c52d3f3c2a/elements [39m[32m200[39m [90m136 ms - 139[39m
[35m[HTTP][39m [90m[39m
[35m[HTTP][39m [37m-->[39m [37mGET[39m [37m/wd/hub/session/3fee0bb5-1419-442f-a7f3-40c52d3f3c2a/window/rect[39m
[35m[HTTP][39m [90m{}[39m
[35m[HTTP][39m [37m<-- GET /wd/hub/session/3fee0bb5-1419-442f-a7f3-40c52d3f3c2a/window/rect [39m[32m200[39m [90m17 ms - 50[39m
[35m[HTTP][39m [90m[39m
[35m[HTTP][39m [37m-->[39m [37mPOST[39m [37m/wd/hub/session/3fee0bb5-1419-442f-a7f3-40c52d3f3c2a/elements[39m
[35m[HTTP][39m [90m{"using":"xpath","value":"//*[@class = 'android.widget.TextView' and (@text = 'Pendaki' or . = 'Pendaki')]"}[39m
[35m[HTTP][39m [37m<-- POST /wd/hub/session/3fee0bb5-1419-442f-a7f3-40c52d3f3c2a/elements [39m[32m200[39m [90m91 ms - 139[39m
[35m[HTTP][39m [90m[39m
[35m[HTTP][39m [37m-->[39m [37mGET[39m [37m/wd/hub/session/3fee0bb5-1419-442f-a7f3-40c52d3f3c2a/element/00000000-0000-00bf-ffff-ffff0000000a/location[39m
[35m[HTTP][39m [90m{}[39m
[35m[W3C (3fee0bb5)][39m Driver proxy active, passing request on via HTTP proxy
[35m[WD Proxy][39m Replacing sessionId 77885374-45ca-4e82-af20-0084f9c94fd1 with 3fee0bb5-1419-442f-a7f3-40c52d3f3c2a
[35m[HTTP][39m [37m<-- GET /wd/hub/session/3fee0bb5-1419-442f-a7f3-40c52d3f3c2a/element/00000000-0000-00bf-ffff-ffff0000000a/location [39m[32m200[39m [90m19 ms - 77[39m
[35m[HTTP][39m [90m[39m
[35m[HTTP][39m [37m-->[39m [37mGET[39m [37m/wd/hub/session/3fee0bb5-1419-442f-a7f3-40c52d3f3c2a/element/00000000-0000-00bf-ffff-ffff0000000a/text[39m
[35m[HTTP][39m [90m{}[39m
[35m[W3C (3fee0bb5)][39m Driver proxy active, passing request on via HTTP proxy
[35m[WD Proxy][39m Replacing sessionId 77885374-45ca-4e82-af20-0084f9c94fd1 with 3fee0bb5-1419-442f-a7f3-40c52d3f3c2a
[35m[HTTP][39m [37m<-- GET /wd/hub/session/3fee0bb5-1419-442f-a7f3-40c52d3f3c2a/element/00000000-0000-00bf-ffff-ffff0000000a/text [39m[32m200[39m [90m14 ms - 70[39m
[35m[HTTP][39m [90m[39m
[35m[HTTP][39m [37m-->[39m [37mGET[39m [37m/wd/hub/session/3fee0bb5-1419-442f-a7f3-40c52d3f3c2a/source[39m
[35m[HTTP][39m [90m{}[39m
[35m[W3C (3fee0bb5)][39m Driver proxy active, passing request on via HTTP proxy
[35m[WD Proxy][39m Replacing sessionId 77885374-45ca-4e82-af20-0084f9c94fd1 with 3fee0bb5-1419-442f-a7f3-40c52d3f3c2a
[35m[HTTP][39m [37m<-- GET /wd/hub/session/3fee0bb5-1419-442f-a7f3-40c52d3f3c2a/source [39m[32m200[39m [90m101 ms - 31716[39m
[35m[HTTP][39m [90m[39m
[35m[HTTP][39m [37m-->[39m [37mGET[39m [37m/wd/hub/session/3fee0bb5-1419-442f-a7f3-40c52d3f3c2a/screenshot[39m
[35m[HTTP][39m [90m{}[39m
[35m[HTTP][39m [37m<-- GET /wd/hub/session/3fee0bb5-1419-442f-a7f3-40c52d3f3c2a/screenshot [39m[32m200[39m [90m1898 ms - 3109372[39m
[35m[HTTP][39m [90m[39m
[35m[HTTP][39m [37m-->[39m [37mPOST[39m [37m/wd/hub/session/3fee0bb5-1419-442f-a7f3-40c52d3f3c2a/elements[39m
[35m[HTTP][39m [90m{"using":"xpath","value":"//*[@class = 'android.widget.ImageButton' and (@text = '' or . = '')]"}[39m
[35m[HTTP][39m [37m<-- POST /wd/hub/session/3fee0bb5-1419-442f-a7f3-40c52d3f3c2a/elements [39m[32m200[39m [90m93 ms - 139[39m
[35m[HTTP][39m [90m[39m
[35m[HTTP][39m [37m-->[39m [37mGET[39m [37m/wd/hub/session/3fee0bb5-1419-442f-a7f3-40c52d3f3c2a/window/rect[39m
[35m[HTTP][39m [90m{}[39m
[35m[HTTP][39m [37m<-- GET /wd/hub/session/3fee0bb5-1419-442f-a7f3-40c52d3f3c2a/window/rect [39m[32m200[39m [90m11 ms - 50[39m
[35m[HTTP][39m [90m[39m
[35m[HTTP][39m [37m-->[39m [37mPOST[39m [37m/wd/hub/session/3fee0bb5-1419-442f-a7f3-40c52d3f3c2a/elements[39m
[35m[HTTP][39m [90m{"using":"xpath","value":"//*[@class = 'android.widget.ImageButton' and (@text = '' or . = '')]"}[39m
[35m[HTTP][39m [37m<-- POST /wd/hub/session/3fee0bb5-1419-442f-a7f3-40c52d3f3c2a/elements [39m[32m200[39m [90m86 ms - 139[39m
[35m[HTTP][39m [90m[39m
[35m[HTTP][39m [37m-->[39m [37mGET[39m [37m/wd/hub/session/3fee0bb5-1419-442f-a7f3-40c52d3f3c2a/element/00000000-0000-00bf-ffff-ffff0000000b/location[39m
[35m[HTTP][39m [90m{}[39m
[35m[W3C (3fee0bb5)][39m Driver proxy active, passing request on via HTTP proxy
[35m[WD Proxy][39m Replacing sessionId 77885374-45ca-4e82-af20-0084f9c94fd1 with 3fee0bb5-1419-442f-a7f3-40c52d3f3c2a
[35m[HTTP][39m [37m<-- GET /wd/hub/session/3fee0bb5-1419-442f-a7f3-40c52d3f3c2a/element/00000000-0000-00bf-ffff-ffff0000000b/location [39m[32m200[39m [90m17 ms - 75[39m
[35m[HTTP][39m [90m[39m
[35m[HTTP][39m [37m-->[39m [37mPOST[39m [37m/wd/hub/session/3fee0bb5-1419-442f-a7f3-40c52d3f3c2a/touch/perform[39m
[35m[HTTP][39m [90m{"actions":[{"action":"tap","options":{"x":1,"y":1,"element":"00000000-0000-00bf-ffff-ffff0000000b"}}]}[39m
[35m[UiAutomator2][39m calling get location: 00000000-0000-00bf-ffff-ffff0000000b
[35m[HTTP][39m [37m<-- POST /wd/hub/session/3fee0bb5-1419-442f-a7f3-40c52d3f3c2a/touch/perform [39m[32m200[39m [90m204 ms - 14[39m
[35m[HTTP][39m [90m[39m
[35m[HTTP][39m [37m-->[39m [37mGET[39m [37m/wd/hub/session/3fee0bb5-1419-442f-a7f3-40c52d3f3c2a/source[39m
[35m[HTTP][39m [90m{}[39m
[35m[W3C (3fee0bb5)][39m Driver proxy active, passing request on via HTTP proxy
[35m[WD Proxy][39m Replacing sessionId 77885374-45ca-4e82-af20-0084f9c94fd1 with 3fee0bb5-1419-442f-a7f3-40c52d3f3c2a
[35m[HTTP][39m [37m<-- GET /wd/hub/session/3fee0bb5-1419-442f-a7f3-40c52d3f3c2a/source [39m[32m200[39m [90m426 ms - 41629[39m
[35m[HTTP][39m [90m[39m
[35m[HTTP][39m [37m-->[39m [37mGET[39m [37m/wd/hub/session/3fee0bb5-1419-442f-a7f3-40c52d3f3c2a/screenshot[39m
[35m[HTTP][39m [90m{}[39m
[35m[HTTP][39m [37m<-- GET /wd/hub/session/3fee0bb5-1419-442f-a7f3-40c52d3f3c2a/screenshot [39m[32m200[39m [90m765 ms - 1224178[39m
[35m[HTTP][39m [90m[39m
[35m[HTTP][39m [37m-->[39m [37mPOST[39m [37m/wd/hub/session/3fee0bb5-1419-442f-a7f3-40c52d3f3c2a/elements[39m
[35m[HTTP][39m [90m{"using":"xpath","value":"//*[@class = 'android.widget.ImageView' and @resource-id = 'com.wahidari.pendaki:id/tile_picture' and (@text = '' or . = '')]"}[39m
[35m[HTTP][39m [37m<-- POST /wd/hub/session/3fee0bb5-1419-442f-a7f3-40c52d3f3c2a/elements [39m[32m200[39m [90m133 ms - 1035[39m
[35m[HTTP][39m [90m[39m
[35m[HTTP][39m [37m-->[39m [37mPOST[39m [37m/wd/hub/session/3fee0bb5-1419-442f-a7f3-40c52d3f3c2a/elements[39m
[35m[HTTP][39m [90m{"using":"id","value":"com.wahidari.pendaki:id/tile_picture"}[39m
[35m[HTTP][39m [37m<-- POST /wd/hub/session/3fee0bb5-1419-442f-a7f3-40c52d3f3c2a/elements [39m[32m200[39m [90m45 ms - 1035[39m
[35m[HTTP][39m [90m[39m
[35m[HTTP][39m [37m-->[39m [37mPOST[39m [37m/wd/hub/session/3fee0bb5-1419-442f-a7f3-40c52d3f3c2a/elements[39m
[35m[HTTP][39m [90m{"using":"-android uiautomator","value":"new UiSelector().className(\"android.widget.ImageView\").resourceId(\"com.wahidari.pendaki:id/tile_picture\")"}[39m
[35m[HTTP][39m [37m<-- POST /wd/hub/session/3fee0bb5-1419-442f-a7f3-40c52d3f3c2a/elements [39m[32m200[39m [90m110 ms - 1035[39m
[35m[HTTP][39m [90m[39m
[35m[HTTP][39m [37m-->[39m [37mGET[39m [37m/wd/hub/session/3fee0bb5-1419-442f-a7f3-40c52d3f3c2a/window/rect[39m
[35m[HTTP][39m [90m{}[39m
[35m[HTTP][39m [37m<-- GET /wd/hub/session/3fee0bb5-1419-442f-a7f3-40c52d3f3c2a/window/rect [39m[32m200[39m [90m10 ms - 50[39m
[35m[HTTP][39m [90m[39m
[35m[HTTP][39m [37m-->[39m [37mPOST[39m [37m/wd/hub/session/3fee0bb5-1419-442f-a7f3-40c52d3f3c2a/elements[39m
[35m[HTTP][39m [90m{"using":"xpath","value":"//hierarchy/android.widget.FrameLayout[1]/android.widget.LinearLayout[1]/android.widget.FrameLayout[1]/android.widget.LinearLayout[1]/android.widget.FrameLayout[1]/android.support.v4.widget.DrawerLayout[1]/android.view.ViewGroup[1]/android.support.v4.view.ViewPager[1]/android.support.v7.widget.RecyclerView[1]/android.widget.LinearLayout[3]/android.widget.FrameLayout[1]/android.widget.RelativeLayout[1]/android.widget.ImageView[1]"}[39m
[35m[HTTP][39m [37m<-- POST /wd/hub/session/3fee0bb5-1419-442f-a7f3-40c52d3f3c2a/elements [39m[32m200[39m [90m76 ms - 139[39m
[35m[HTTP][39m [90m[39m
[35m[HTTP][39m [37m-->[39m [37mGET[39m [37m/wd/hub/session/3fee0bb5-1419-442f-a7f3-40c52d3f3c2a/element/00000000-0000-00bf-ffff-ffff0000002f/location[39m
[35m[HTTP][39m [90m{}[39m
[35m[W3C (3fee0bb5)][39m Driver proxy active, passing request on via HTTP proxy
[35m[WD Proxy][39m Replacing sessionId 77885374-45ca-4e82-af20-0084f9c94fd1 with 3fee0bb5-1419-442f-a7f3-40c52d3f3c2a
[35m[HTTP][39m [37m<-- GET /wd/hub/session/3fee0bb5-1419-442f-a7f3-40c52d3f3c2a/element/00000000-0000-00bf-ffff-ffff0000002f/location [39m[32m200[39m [90m13 ms - 77[39m
[35m[HTTP][39m [90m[39m
[35m[HTTP][39m [37m-->[39m [37mGET[39m [37m/wd/hub/session/3fee0bb5-1419-442f-a7f3-40c52d3f3c2a/element/00000000-0000-00bf-ffff-ffff0000002f/text[39m
[35m[HTTP][39m [90m{}[39m
[35m[W3C (3fee0bb5)][39m Driver proxy active, passing request on via HTTP proxy
[35m[WD Proxy][39m Replacing sessionId 77885374-45ca-4e82-af20-0084f9c94fd1 with 3fee0bb5-1419-442f-a7f3-40c52d3f3c2a
[35m[HTTP][39m [37m<-- GET /wd/hub/session/3fee0bb5-1419-442f-a7f3-40c52d3f3c2a/element/00000000-0000-00bf-ffff-ffff0000002f/text [39m[32m200[39m [90m15 ms - 63[39m
[35m[HTTP][39m [90m[39m
[35m[HTTP][39m [37m-->[39m [37mPOST[39m [37m/wd/hub/session/3fee0bb5-1419-442f-a7f3-40c52d3f3c2a/elements[39m
[35m[HTTP][39m [90m{"using":"xpath","value":"//*[@class = 'android.widget.TextView' and (@text = 'wahidari.github.io' or . = 'wahidari.github.io') and @resource-id = 'com.wahidari.pendaki:id/name']"}[39m
[35m[HTTP][39m [37m<-- POST /wd/hub/session/3fee0bb5-1419-442f-a7f3-40c52d3f3c2a/elements [39m[32m200[39m [90m95 ms - 139[39m
[35m[HTTP][39m [90m[39m
[35m[HTTP][39m [37m-->[39m [37mGET[39m [37m/wd/hub/session/3fee0bb5-1419-442f-a7f3-40c52d3f3c2a/window/rect[39m
[35m[HTTP][39m [90m{}[39m
[35m[HTTP][39m [37m<-- GET /wd/hub/session/3fee0bb5-1419-442f-a7f3-40c52d3f3c2a/window/rect [39m[32m200[39m [90m8 ms - 50[39m
[35m[HTTP][39m [90m[39m
[35m[HTTP][39m [37m-->[39m [37mPOST[39m [37m/wd/hub/session/3fee0bb5-1419-442f-a7f3-40c52d3f3c2a/elements[39m
[35m[HTTP][39m [90m{"using":"xpath","value":"//*[@class = 'android.widget.TextView' and (@text = 'wahidari.github.io' or . = 'wahidari.github.io') and @resource-id = 'com.wahidari.pendaki:id/name']"}[39m
[35m[HTTP][39m [37m<-- POST /wd/hub/session/3fee0bb5-1419-442f-a7f3-40c52d3f3c2a/elements [39m[32m200[39m [90m97 ms - 139[39m
[35m[HTTP][39m [90m[39m
[35m[HTTP][39m [37m-->[39m [37mGET[39m [37m/wd/hub/session/3fee0bb5-1419-442f-a7f3-40c52d3f3c2a/element/00000000-0000-00bf-ffff-ffff00000083/location[39m
[35m[HTTP][39m [90m{}[39m
[35m[W3C (3fee0bb5)][39m Driver proxy active, passing request on via HTTP proxy
[35m[WD Proxy][39m Replacing sessionId 77885374-45ca-4e82-af20-0084f9c94fd1 with 3fee0bb5-1419-442f-a7f3-40c52d3f3c2a
[35m[HTTP][39m [37m<-- GET /wd/hub/session/3fee0bb5-1419-442f-a7f3-40c52d3f3c2a/element/00000000-0000-00bf-ffff-ffff00000083/location [39m[32m200[39m [90m17 ms - 77[39m
[35m[HTTP][39m [90m[39m
[35m[HTTP][39m [37m-->[39m [37mGET[39m [37m/wd/hub/session/3fee0bb5-1419-442f-a7f3-40c52d3f3c2a/element/00000000-0000-00bf-ffff-ffff00000083/text[39m
[35m[HTTP][39m [90m{}[39m
[35m[W3C (3fee0bb5)][39m Driver proxy active, passing request on via HTTP proxy
[35m[WD Proxy][39m Replacing sessionId 77885374-45ca-4e82-af20-0084f9c94fd1 with 3fee0bb5-1419-442f-a7f3-40c52d3f3c2a
[35m[HTTP][39m [37m<-- GET /wd/hub/session/3fee0bb5-1419-442f-a7f3-40c52d3f3c2a/element/00000000-0000-00bf-ffff-ffff00000083/text [39m[32m200[39m [90m13 ms - 81[39m
[35m[HTTP][39m [90m[39m
[35m[HTTP][39m [37m-->[39m [37mGET[39m [37m/wd/hub/session/3fee0bb5-1419-442f-a7f3-40c52d3f3c2a/source[39m
[35m[HTTP][39m [90m{}[39m
[35m[W3C (3fee0bb5)][39m Driver proxy active, passing request on via HTTP proxy
[35m[WD Proxy][39m Replacing sessionId 77885374-45ca-4e82-af20-0084f9c94fd1 with 3fee0bb5-1419-442f-a7f3-40c52d3f3c2a
[35m[HTTP][39m [37m<-- GET /wd/hub/session/3fee0bb5-1419-442f-a7f3-40c52d3f3c2a/source [39m[32m200[39m [90m75 ms - 41629[39m
[35m[HTTP][39m [90m[39m
[35m[HTTP][39m [37m-->[39m [37mGET[39m [37m/wd/hub/session/3fee0bb5-1419-442f-a7f3-40c52d3f3c2a/screenshot[39m
[35m[HTTP][39m [90m{}[39m
[35m[HTTP][39m [37m<-- GET /wd/hub/session/3fee0bb5-1419-442f-a7f3-40c52d3f3c2a/screenshot [39m[32m200[39m [90m742 ms - 1223122[39m
[35m[HTTP][39m [90m[39m
[35m[HTTP][39m [37m-->[39m [37mPOST[39m [37m/wd/hub/session/3fee0bb5-1419-442f-a7f3-40c52d3f3c2a/elements[39m
[35m[HTTP][39m [90m{"using":"xpath","value":"//*[@class = 'android.support.v7.widget.LinearLayoutCompat' and (@text = '' or . = '')]"}[39m
[35m[HTTP][39m [37m<-- POST /wd/hub/session/3fee0bb5-1419-442f-a7f3-40c52d3f3c2a/elements [39m[32m200[39m [90m97 ms - 907[39m
[35m[HTTP][39m [90m[39m
[35m[HTTP][39m [37m-->[39m [37mPOST[39m [37m/wd/hub/session/3fee0bb5-1419-442f-a7f3-40c52d3f3c2a/elements[39m
[35m[HTTP][39m [90m{"using":"-android uiautomator","value":"new UiSelector().className(\"android.support.v7.widget.LinearLayoutCompat\")"}[39m
[35m[HTTP][39m [37m<-- POST /wd/hub/session/3fee0bb5-1419-442f-a7f3-40c52d3f3c2a/elements [39m[32m200[39m [90m63 ms - 907[39m
[35m[HTTP][39m [90m[39m
[35m[HTTP][39m [37m-->[39m [37mGET[39m [37m/wd/hub/session/3fee0bb5-1419-442f-a7f3-40c52d3f3c2a/window/rect[39m
[35m[HTTP][39m [90m{}[39m
[35m[HTTP][39m [37m<-- GET /wd/hub/session/3fee0bb5-1419-442f-a7f3-40c52d3f3c2a/window/rect [39m[32m200[39m [90m13 ms - 50[39m
[35m[HTTP][39m [90m[39m
[35m[HTTP][39m [37m-->[39m [37mPOST[39m [37m/wd/hub/session/3fee0bb5-1419-442f-a7f3-40c52d3f3c2a/elements[39m
[35m[HTTP][39m [90m{"using":"xpath","value":"//hierarchy/android.widget.FrameLayout[1]/android.widget.LinearLayout[1]/android.widget.FrameLayout[1]/android.widget.LinearLayout[1]/android.widget.FrameLayout[1]/android.support.v4.widget.DrawerLayout[1]/android.widget.FrameLayout[1]/android.support.v7.widget.RecyclerView[1]/android.support.v7.widget.LinearLayoutCompat[3]"}[39m
[35m[HTTP][39m [37m<-- POST /wd/hub/session/3fee0bb5-1419-442f-a7f3-40c52d3f3c2a/elements [39m[32m200[39m [90m54 ms - 139[39m
[35m[HTTP][39m [90m[39m
[35m[HTTP][39m [37m-->[39m [37mGET[39m [37m/wd/hub/session/3fee0bb5-1419-442f-a7f3-40c52d3f3c2a/element/00000000-0000-00bf-ffff-ffff0000008a/location[39m
[35m[HTTP][39m [90m{}[39m
[35m[W3C (3fee0bb5)][39m Driver proxy active, passing request on via HTTP proxy
[35m[WD Proxy][39m Replacing sessionId 77885374-45ca-4e82-af20-0084f9c94fd1 with 3fee0bb5-1419-442f-a7f3-40c52d3f3c2a
[35m[HTTP][39m [37m<-- GET /wd/hub/session/3fee0bb5-1419-442f-a7f3-40c52d3f3c2a/element/00000000-0000-00bf-ffff-ffff0000008a/location [39m[32m200[39m [90m14 ms - 76[39m
[35m[HTTP][39m [90m[39m
[35m[HTTP][39m [37m-->[39m [37mPOST[39m [37m/wd/hub/session/3fee0bb5-1419-442f-a7f3-40c52d3f3c2a/touch/perform[39m
[35m[HTTP][39m [90m{"actions":[{"action":"longPress","options":{"element":"00000000-0000-00bf-ffff-ffff0000008a"}},{"action":"release","options":{}}]}[39m
[35m[UiAutomator2][39m calling get location: 00000000-0000-00bf-ffff-ffff0000008a
[35m[HTTP][39m [37m<-- POST /wd/hub/session/3fee0bb5-1419-442f-a7f3-40c52d3f3c2a/touch/perform [39m[32m200[39m [90m2597 ms - 14[39m
[35m[HTTP][39m [90m[39m
[35m[HTTP][39m [37m-->[39m [37mGET[39m [37m/wd/hub/session/3fee0bb5-1419-442f-a7f3-40c52d3f3c2a/source[39m
[35m[HTTP][39m [90m{}[39m
[35m[W3C (3fee0bb5)][39m Driver proxy active, passing request on via HTTP proxy
[35m[WD Proxy][39m Replacing sessionId 77885374-45ca-4e82-af20-0084f9c94fd1 with 3fee0bb5-1419-442f-a7f3-40c52d3f3c2a
[35m[HTTP][39m [37m<-- GET /wd/hub/session/3fee0bb5-1419-442f-a7f3-40c52d3f3c2a/source [39m[32m200[39m [90m109 ms - 34680[39m
[35m[HTTP][39m [90m[39m
[35m[HTTP][39m [37m-->[39m [37mGET[39m [37m/wd/hub/session/3fee0bb5-1419-442f-a7f3-40c52d3f3c2a/screenshot[39m
[35m[HTTP][39m [90m{}[39m
[35m[HTTP][39m [37m<-- GET /wd/hub/session/3fee0bb5-1419-442f-a7f3-40c52d3f3c2a/screenshot [39m[32m200[39m [90m445 ms - 574364[39m
[35m[HTTP][39m [90m[39m
[35m[HTTP][39m [37m-->[39m [37mPOST[39m [37m/wd/hub/session/3fee0bb5-1419-442f-a7f3-40c52d3f3c2a/elements[39m
[35m[HTTP][39m [90m{"using":"xpath","value":"//*[@class = 'android.widget.TextView' and (@text = 'Tenda' or . = 'Tenda') and @resource-id = 'com.wahidari.pendaki:id/txt1']"}[39m
[35m[HTTP][39m [37m<-- POST /wd/hub/session/3fee0bb5-1419-442f-a7f3-40c52d3f3c2a/elements [39m[32m200[39m [90m109 ms - 139[39m
[35m[HTTP][39m [90m[39m
[35m[HTTP][39m [37m-->[39m [37mGET[39m [37m/wd/hub/session/3fee0bb5-1419-442f-a7f3-40c52d3f3c2a/window/rect[39m
[35m[HTTP][39m [90m{}[39m
[35m[HTTP][39m [37m<-- GET /wd/hub/session/3fee0bb5-1419-442f-a7f3-40c52d3f3c2a/window/rect [39m[32m200[39m [90m11 ms - 50[39m
[35m[HTTP][39m [90m[39m
[35m[HTTP][39m [37m-->[39m [37mPOST[39m [37m/wd/hub/session/3fee0bb5-1419-442f-a7f3-40c52d3f3c2a/elements[39m
[35m[HTTP][39m [90m{"using":"xpath","value":"//*[@class = 'android.widget.TextView' and (@text = 'Tenda' or . = 'Tenda') and @resource-id = 'com.wahidari.pendaki:id/txt1']"}[39m
[35m[HTTP][39m [37m<-- POST /wd/hub/session/3fee0bb5-1419-442f-a7f3-40c52d3f3c2a/elements [39m[32m200[39m [90m80 ms - 139[39m
[35m[HTTP][39m [90m[39m
[35m[HTTP][39m [37m-->[39m [37mGET[39m [37m/wd/hub/session/3fee0bb5-1419-442f-a7f3-40c52d3f3c2a/element/00000000-0000-00c0-ffff-ffff000000bd/location[39m
[35m[HTTP][39m [90m{}[39m
[35m[W3C (3fee0bb5)][39m Driver proxy active, passing request on via HTTP proxy
[35m[WD Proxy][39m Replacing sessionId 77885374-45ca-4e82-af20-0084f9c94fd1 with 3fee0bb5-1419-442f-a7f3-40c52d3f3c2a
[35m[HTTP][39m [37m<-- GET /wd/hub/session/3fee0bb5-1419-442f-a7f3-40c52d3f3c2a/element/00000000-0000-00c0-ffff-ffff000000bd/location [39m[32m200[39m [90m21 ms - 77[39m
[35m[HTTP][39m [90m[39m
[35m[HTTP][39m [37m-->[39m [37mGET[39m [37m/wd/hub/session/3fee0bb5-1419-442f-a7f3-40c52d3f3c2a/element/00000000-0000-00c0-ffff-ffff000000bd/text[39m
[35m[HTTP][39m [90m{}[39m
[35m[W3C (3fee0bb5)][39m Driver proxy active, passing request on via HTTP proxy
[35m[WD Proxy][39m Replacing sessionId 77885374-45ca-4e82-af20-0084f9c94fd1 with 3fee0bb5-1419-442f-a7f3-40c52d3f3c2a
[35m[HTTP][39m [37m<-- GET /wd/hub/session/3fee0bb5-1419-442f-a7f3-40c52d3f3c2a/element/00000000-0000-00c0-ffff-ffff000000bd/text [39m[32m200[39m [90m16 ms - 68[39m
[35m[HTTP][39m [90m[39m
[35m[HTTP][39m [37m-->[39m [37mGET[39m [37m/wd/hub/session/3fee0bb5-1419-442f-a7f3-40c52d3f3c2a/source[39m
[35m[HTTP][39m [90m{}[39m
[35m[W3C (3fee0bb5)][39m Driver proxy active, passing request on via HTTP proxy
[35m[WD Proxy][39m Replacing sessionId 77885374-45ca-4e82-af20-0084f9c94fd1 with 3fee0bb5-1419-442f-a7f3-40c52d3f3c2a
[35m[HTTP][39m [37m<-- GET /wd/hub/session/3fee0bb5-1419-442f-a7f3-40c52d3f3c2a/source [39m[32m200[39m [90m78 ms - 34680[39m
[35m[HTTP][39m [90m[39m
[35m[HTTP][39m [37m-->[39m [37mGET[39m [37m/wd/hub/session/3fee0bb5-1419-442f-a7f3-40c52d3f3c2a/screenshot[39m
[35m[HTTP][39m [90m{}[39m
[35m[HTTP][39m [37m<-- GET /wd/hub/session/3fee0bb5-1419-442f-a7f3-40c52d3f3c2a/screenshot [39m[32m200[39m [90m418 ms - 574340[39m
[35m[HTTP][39m [90m[39m
[35m[HTTP][39m [37m-->[39m [37mPOST[39m [37m/wd/hub/session/3fee0bb5-1419-442f-a7f3-40c52d3f3c2a/elements[39m
[35m[HTTP][39m [90m{"using":"xpath","value":"//*[@class = 'android.widget.RelativeLayout' and (@text = '' or . = '')]"}[39m
[35m[HTTP][39m [37m<-- POST /wd/hub/session/3fee0bb5-1419-442f-a7f3-40c52d3f3c2a/elements [39m[32m200[39m [90m107 ms - 1035[39m
[35m[HTTP][39m [90m[39m
[35m[HTTP][39m [37m-->[39m [37mPOST[39m [37m/wd/hub/session/3fee0bb5-1419-442f-a7f3-40c52d3f3c2a/elements[39m
[35m[HTTP][39m [90m{"using":"-android uiautomator","value":"new UiSelector().className(\"android.widget.RelativeLayout\")"}[39m
[35m[HTTP][39m [37m<-- POST /wd/hub/session/3fee0bb5-1419-442f-a7f3-40c52d3f3c2a/elements [39m[32m200[39m [90m100 ms - 1035[39m
[35m[HTTP][39m [90m[39m
[35m[HTTP][39m [37m-->[39m [37mGET[39m [37m/wd/hub/session/3fee0bb5-1419-442f-a7f3-40c52d3f3c2a/window/rect[39m
[35m[HTTP][39m [90m{}[39m
[35m[HTTP][39m [37m<-- GET /wd/hub/session/3fee0bb5-1419-442f-a7f3-40c52d3f3c2a/window/rect [39m[32m200[39m [90m11 ms - 50[39m
[35m[HTTP][39m [90m[39m
[35m[HTTP][39m [37m-->[39m [37mPOST[39m [37m/wd/hub/session/3fee0bb5-1419-442f-a7f3-40c52d3f3c2a/elements[39m
[35m[HTTP][39m [90m{"using":"xpath","value":"//hierarchy/android.widget.FrameLayout[1]/android.widget.LinearLayout[1]/android.widget.FrameLayout[1]/android.widget.LinearLayout[1]/android.widget.FrameLayout[1]/android.support.v4.widget.DrawerLayout[1]/android.view.ViewGroup[1]/android.support.v4.view.ViewPager[1]/android.support.v7.widget.RecyclerView[1]/android.widget.LinearLayout[1]/android.widget.FrameLayout[1]/android.widget.RelativeLayout[1]"}[39m
[35m[HTTP][39m [37m<-- POST /wd/hub/session/3fee0bb5-1419-442f-a7f3-40c52d3f3c2a/elements [39m[32m200[39m [90m62 ms - 139[39m
[35m[HTTP][39m [90m[39m
[35m[HTTP][39m [37m-->[39m [37mGET[39m [37m/wd/hub/session/3fee0bb5-1419-442f-a7f3-40c52d3f3c2a/element/00000000-0000-00c0-ffff-ffff000000ba/location[39m
[35m[HTTP][39m [90m{}[39m
[35m[W3C (3fee0bb5)][39m Driver proxy active, passing request on via HTTP proxy
[35m[WD Proxy][39m Replacing sessionId 77885374-45ca-4e82-af20-0084f9c94fd1 with 3fee0bb5-1419-442f-a7f3-40c52d3f3c2a
[35m[HTTP][39m [37m<-- GET /wd/hub/session/3fee0bb5-1419-442f-a7f3-40c52d3f3c2a/element/00000000-0000-00c0-ffff-ffff000000ba/location [39m[32m200[39m [90m13 ms - 77[39m
[35m[HTTP][39m [90m[39m
[35m[HTTP][39m [37m-->[39m [37mPOST[39m [37m/wd/hub/session/3fee0bb5-1419-442f-a7f3-40c52d3f3c2a/touch/perform[39m
[35m[HTTP][39m [90m{"actions":[{"action":"tap","options":{"x":1,"y":1,"element":"00000000-0000-00c0-ffff-ffff000000ba"}}]}[39m
[35m[UiAutomator2][39m calling get location: 00000000-0000-00c0-ffff-ffff000000ba
[35m[HTTP][39m [37m<-- POST /wd/hub/session/3fee0bb5-1419-442f-a7f3-40c52d3f3c2a/touch/perform [39m[32m200[39m [90m201 ms - 14[39m
[35m[HTTP][39m [90m[39m
[35m[HTTP][39m [37m-->[39m [37mGET[39m [37m/wd/hub/session/3fee0bb5-1419-442f-a7f3-40c52d3f3c2a/source[39m
[35m[HTTP][39m [90m{}[39m
[35m[W3C (3fee0bb5)][39m Driver proxy active, passing request on via HTTP proxy
[35m[WD Proxy][39m Replacing sessionId 77885374-45ca-4e82-af20-0084f9c94fd1 with 3fee0bb5-1419-442f-a7f3-40c52d3f3c2a
[35m[HTTP][39m [37m<-- GET /wd/hub/session/3fee0bb5-1419-442f-a7f3-40c52d3f3c2a/source [39m[32m200[39m [90m153 ms - 9313[39m
[35m[HTTP][39m [90m[39m
[35m[HTTP][39m [37m-->[39m [37mGET[39m [37m/wd/hub/session/3fee0bb5-1419-442f-a7f3-40c52d3f3c2a/screenshot[39m
[35m[HTTP][39m [90m{}[39m
[35m[HTTP][39m [37m<-- GET /wd/hub/session/3fee0bb5-1419-442f-a7f3-40c52d3f3c2a/screenshot [39m[32m200[39m [90m768 ms - 1014982[39m
[35m[HTTP][39m [90m[39m
[35m[HTTP][39m [37m-->[39m [37mPOST[39m [37m/wd/hub/session/3fee0bb5-1419-442f-a7f3-40c52d3f3c2a/elements[39m
[35m[HTTP][39m [90m{"using":"xpath","value":"//*[@class = 'android.widget.TextView' and (@text = 'Tenda' or . = 'Tenda') and @resource-id = 'com.wahidari.pendaki:id/nama_peralatan']"}[39m
[35m[HTTP][39m [37m<-- POST /wd/hub/session/3fee0bb5-1419-442f-a7f3-40c52d3f3c2a/elements [39m[32m200[39m [90m53 ms - 139[39m
[35m[HTTP][39m [90m[39m
[35m[HTTP][39m [37m-->[39m [37mGET[39m [37m/wd/hub/session/3fee0bb5-1419-442f-a7f3-40c52d3f3c2a/window/rect[39m
[35m[HTTP][39m [90m{}[39m
[35m[HTTP][39m [37m<-- GET /wd/hub/session/3fee0bb5-1419-442f-a7f3-40c52d3f3c2a/window/rect [39m[32m200[39m [90m10 ms - 50[39m
[35m[HTTP][39m [90m[39m
[35m[HTTP][39m [37m-->[39m [37mPOST[39m [37m/wd/hub/session/3fee0bb5-1419-442f-a7f3-40c52d3f3c2a/elements[39m
[35m[HTTP][39m [90m{"using":"xpath","value":"//*[@class = 'android.widget.TextView' and (@text = 'Tenda' or . = 'Tenda') and @resource-id = 'com.wahidari.pendaki:id/nama_peralatan']"}[39m
[35m[HTTP][39m [37m<-- POST /wd/hub/session/3fee0bb5-1419-442f-a7f3-40c52d3f3c2a/elements [39m[32m200[39m [90m32 ms - 139[39m
[35m[HTTP][39m [90m[39m
[35m[HTTP][39m [37m-->[39m [37mGET[39m [37m/wd/hub/session/3fee0bb5-1419-442f-a7f3-40c52d3f3c2a/element/00000000-0000-00c1-ffff-ffff00000162/location[39m
[35m[HTTP][39m [90m{}[39m
[35m[W3C (3fee0bb5)][39m Driver proxy active, passing request on via HTTP proxy
[35m[WD Proxy][39m Replacing sessionId 77885374-45ca-4e82-af20-0084f9c94fd1 with 3fee0bb5-1419-442f-a7f3-40c52d3f3c2a
[35m[HTTP][39m [37m<-- GET /wd/hub/session/3fee0bb5-1419-442f-a7f3-40c52d3f3c2a/element/00000000-0000-00c1-ffff-ffff00000162/location [39m[32m200[39m [90m18 ms - 77[39m
[35m[HTTP][39m [90m[39m
[35m[HTTP][39m [37m-->[39m [37mGET[39m [37m/wd/hub/session/3fee0bb5-1419-442f-a7f3-40c52d3f3c2a/element/00000000-0000-00c1-ffff-ffff00000162/text[39m
[35m[HTTP][39m [90m{}[39m
[35m[W3C (3fee0bb5)][39m Driver proxy active, passing request on via HTTP proxy
[35m[WD Proxy][39m Replacing sessionId 77885374-45ca-4e82-af20-0084f9c94fd1 with 3fee0bb5-1419-442f-a7f3-40c52d3f3c2a
[35m[HTTP][39m [37m<-- GET /wd/hub/session/3fee0bb5-1419-442f-a7f3-40c52d3f3c2a/element/00000000-0000-00c1-ffff-ffff00000162/text [39m[32m200[39m [90m13 ms - 68[39m
[35m[HTTP][39m [90m[39m
[35m[HTTP][39m [37m-->[39m [37mGET[39m [37m/wd/hub/session/3fee0bb5-1419-442f-a7f3-40c52d3f3c2a/source[39m
[35m[HTTP][39m [90m{}[39m
[35m[W3C (3fee0bb5)][39m Driver proxy active, passing request on via HTTP proxy
[35m[WD Proxy][39m Replacing sessionId 77885374-45ca-4e82-af20-0084f9c94fd1 with 3fee0bb5-1419-442f-a7f3-40c52d3f3c2a
[35m[HTTP][39m [37m<-- GET /wd/hub/session/3fee0bb5-1419-442f-a7f3-40c52d3f3c2a/source [39m[32m200[39m [90m26 ms - 9313[39m
[35m[HTTP][39m [90m[39m
[35m[HTTP][39m [37m-->[39m [37mGET[39m [37m/wd/hub/session/3fee0bb5-1419-442f-a7f3-40c52d3f3c2a/screenshot[39m
[35m[HTTP][39m [90m{}[39m
[35m[HTTP][39m [37m<-- GET /wd/hub/session/3fee0bb5-1419-442f-a7f3-40c52d3f3c2a/screenshot [39m[32m200[39m [90m722 ms - 1014982[39m
[35m[HTTP][39m [90m[39m
[35m[HTTP][39m [37m-->[39m [37mGET[39m [37m/wd/hub/session/3fee0bb5-1419-442f-a7f3-40c52d3f3c2a/source[39m
[35m[HTTP][39m [90m{}[39m
[35m[W3C (3fee0bb5)][39m Driver proxy active, passing request on via HTTP proxy
[35m[WD Proxy][39m Replacing sessionId 77885374-45ca-4e82-af20-0084f9c94fd1 with 3fee0bb5-1419-442f-a7f3-40c52d3f3c2a
[35m[HTTP][39m [37m<-- GET /wd/hub/session/3fee0bb5-1419-442f-a7f3-40c52d3f3c2a/source [39m[32m200[39m [90m24 ms - 9313[39m
[35m[HTTP][39m [90m[39m
[35m[HTTP][39m [37m-->[39m [37mGET[39m [37m/wd/hub/session/3fee0bb5-1419-442f-a7f3-40c52d3f3c2a/screenshot[39m
[35m[HTTP][39m [90m{}[39m
[35m[HTTP][39m [37m<-- GET /wd/hub/session/3fee0bb5-1419-442f-a7f3-40c52d3f3c2a/screenshot [39m[32m200[39m [90m396 ms - 307870[39m
[35m[HTTP][39m [90m[39m
[35m[HTTP][39m [37m-->[39m [37mPOST[39m [37m/wd/hub/session/3fee0bb5-1419-442f-a7f3-40c52d3f3c2a/elements[39m
[35m[HTTP][39m [90m{"using":"xpath","value":"//*[@class = 'android.widget.ImageButton' and (@text = '' or . = '')]"}[39m
[35m[HTTP][39m [37m<-- POST /wd/hub/session/3fee0bb5-1419-442f-a7f3-40c52d3f3c2a/elements [39m[32m200[39m [90m48 ms - 139[39m
[35m[HTTP][39m [90m[39m
[35m[HTTP][39m [37m-->[39m [37mGET[39m [37m/wd/hub/session/3fee0bb5-1419-442f-a7f3-40c52d3f3c2a/window/rect[39m
[35m[HTTP][39m [90m{}[39m
[35m[HTTP][39m [37m<-- GET /wd/hub/session/3fee0bb5-1419-442f-a7f3-40c52d3f3c2a/window/rect [39m[32m200[39m [90m9 ms - 50[39m
[35m[HTTP][39m [90m[39m
[35m[HTTP][39m [37m-->[39m [37mPOST[39m [37m/wd/hub/session/3fee0bb5-1419-442f-a7f3-40c52d3f3c2a/elements[39m
[35m[HTTP][39m [90m{"using":"xpath","value":"//*[@class = 'android.widget.ImageButton' and (@text = '' or . = '')]"}[39m
[35m[HTTP][39m [37m<-- POST /wd/hub/session/3fee0bb5-1419-442f-a7f3-40c52d3f3c2a/elements [39m[32m200[39m [90m28 ms - 139[39m
[35m[HTTP][39m [90m[39m
[35m[HTTP][39m [37m-->[39m [37mGET[39m [37m/wd/hub/session/3fee0bb5-1419-442f-a7f3-40c52d3f3c2a/element/00000000-0000-00c1-ffff-ffff0000015d/location[39m
[35m[HTTP][39m [90m{}[39m
[35m[W3C (3fee0bb5)][39m Driver proxy active, passing request on via HTTP proxy
[35m[WD Proxy][39m Replacing sessionId 77885374-45ca-4e82-af20-0084f9c94fd1 with 3fee0bb5-1419-442f-a7f3-40c52d3f3c2a
[35m[HTTP][39m [37m<-- GET /wd/hub/session/3fee0bb5-1419-442f-a7f3-40c52d3f3c2a/element/00000000-0000-00c1-ffff-ffff0000015d/location [39m[32m200[39m [90m11 ms - 75[39m
[35m[HTTP][39m [90m[39m
[35m[HTTP][39m [37m-->[39m [37mPOST[39m [37m/wd/hub/session/3fee0bb5-1419-442f-a7f3-40c52d3f3c2a/touch/perform[39m
[35m[HTTP][39m [90m{"actions":[{"action":"tap","options":{"x":1,"y":1,"element":"00000000-0000-00c1-ffff-ffff0000015d"}}]}[39m
[35m[UiAutomator2][39m calling get location: 00000000-0000-00c1-ffff-ffff0000015d
[35m[HTTP][39m [37m<-- POST /wd/hub/session/3fee0bb5-1419-442f-a7f3-40c52d3f3c2a/touch/perform [39m[32m200[39m [90m202 ms - 14[39m
[35m[HTTP][39m [90m[39m
[35m[HTTP][39m [37m-->[39m [37mGET[39m [37m/wd/hub/session/3fee0bb5-1419-442f-a7f3-40c52d3f3c2a/source[39m
[35m[HTTP][39m [90m{}[39m
[35m[W3C (3fee0bb5)][39m Driver proxy active, passing request on via HTTP proxy
[35m[WD Proxy][39m Replacing sessionId 77885374-45ca-4e82-af20-0084f9c94fd1 with 3fee0bb5-1419-442f-a7f3-40c52d3f3c2a
[35m[HTTP][39m [37m<-- GET /wd/hub/session/3fee0bb5-1419-442f-a7f3-40c52d3f3c2a/source [39m[32m200[39m [90m530 ms - 34680[39m
[35m[HTTP][39m [90m[39m
[35m[HTTP][39m [37m-->[39m [37mGET[39m [37m/wd/hub/session/3fee0bb5-1419-442f-a7f3-40c52d3f3c2a/screenshot[39m
[35m[HTTP][39m [90m{}[39m
[35m[HTTP][39m [37m<-- GET /wd/hub/session/3fee0bb5-1419-442f-a7f3-40c52d3f3c2a/screenshot [39m[32m200[39m [90m1058 ms - 573568[39m
[35m[HTTP][39m [90m[39m
[35m[HTTP][39m [37m-->[39m [37mDELETE[39m [37m/wd/hub/session/3fee0bb5-1419-442f-a7f3-40c52d3f3c2a[39m
[35m[HTTP][39m [90m{}[39m
[35m[Appium][39m Removing session 3fee0bb5-1419-442f-a7f3-40c52d3f3c2a from our master session list
[35m[UiAutomator2][39m Restoring hidden api policy to the device default configuration
[35m[HTTP][39m [37m<-- DELETE /wd/hub/session/3fee0bb5-1419-442f-a7f3-40c52d3f3c2a [39m[32m200[39m [90m1411 ms - 14[39m
[35m[HTTP][39m [90m[39m
